[
  {
    "level": "INFO",
    "message": "android.ndkVersion from module build.gradle is [21.4.7075529]",
    "diagnosticCode": "UNKNOWN"
  },
  {
    "level": "INFO",
    "message": "android.ndkPath from module build.gradle is not set",
    "diagnosticCode": "UNKNOWN"
  },
  {
    "level": "INFO",
    "message": "ndk.dir in local.properties is not set",
    "diagnosticCode": "UNKNOWN"
  },
  {
    "level": "INFO",
    "message": "Not considering ANDROID_NDK_HOME because support was removed after deprecation period.",
    "diagnosticCode": "UNKNOWN"
  },
  {
    "level": "INFO",
    "message": "sdkFolder is /Users/shentianzhou/Library/Android/sdk",
    "diagnosticCode": "UNKNOWN"
  },
  {
    "level": "INFO",
    "message": "Folder /Users/shentianzhou/Library/Android/sdk/ndk/21.4.7075529 does not exist. Ignoring.",
    "diagnosticCode": "UNKNOWN"
  },
  {
    "level": "INFO",
    "message": "No NDK was found. Trying to download it now.",
    "diagnosticCode": "UNKNOWN"
  },
  {
    "level": "INFO",
    "message": "NDK 21.4.7075529 was downloaded to /Users/shentianzhou/Library/Android/sdk/ndk/21.4.7075529. Using that.",
    "diagnosticCode": "UNKNOWN"
  }
]